2018-09-11 16:15:46,238 INFO o.a.j.u.JMeterUtils: Setting Locale to zh_CN
2018-09-11 16:15:46,275 INFO o.a.j.JMeter: Loading user properties from: user.properties
2018-09-11 16:15:46,276 INFO o.a.j.JMeter: Loading system properties from: system.properties
2018-09-11 16:15:46,281 INFO o.a.j.JMeter: Copyright (c) 1998-2018 The Apache Software Foundation
2018-09-11 16:15:46,281 INFO o.a.j.JMeter: Version 4.0 r1823414
2018-09-11 16:15:46,281 INFO o.a.j.JMeter: java.version=1.8.0_181
2018-09-11 16:15:46,281 INFO o.a.j.JMeter: java.vm.name=Java HotSpot(TM) 64-Bit Server VM
2018-09-11 16:15:46,281 INFO o.a.j.JMeter: os.name=Windows 10
2018-09-11 16:15:46,281 INFO o.a.j.JMeter: os.arch=amd64
2018-09-11 16:15:46,281 INFO o.a.j.JMeter: os.version=10.0
2018-09-11 16:15:46,282 INFO o.a.j.JMeter: file.encoding=GBK
2018-09-11 16:15:46,282 INFO o.a.j.JMeter: Max memory     =514850816
2018-09-11 16:15:46,282 INFO o.a.j.JMeter: Available Processors =8
2018-09-11 16:15:46,304 INFO o.a.j.JMeter: Default Locale=中文 (中国)
2018-09-11 16:15:46,304 INFO o.a.j.JMeter: JMeter  Locale=中文 (中国)
2018-09-11 16:15:46,304 INFO o.a.j.JMeter: JMeterHome=D:\software workspace\eclipse workspace\jmeter\target\jmeter
2018-09-11 16:15:46,304 INFO o.a.j.JMeter: user.dir  =D:\software workspace\eclipse workspace\jmeter\target\jmeter\bin
2018-09-11 16:15:46,304 INFO o.a.j.JMeter: PWD       =D:\software workspace\eclipse workspace\jmeter\target\jmeter\bin
2018-09-11 16:15:46,306 INFO o.a.j.JMeter: IP: 192.168.210.53 Name: DESKTOP-07L1I60 FullName: DESKTOP-07L1I60
2018-09-11 16:15:46,307 INFO o.a.j.JMeter: Setting property 'jmeter.reportgenerator.outputdir' to:'D:\software workspace\eclipse workspace\jmeter\target\jmeter\reports\baseinfo_20180911_161545'
2018-09-11 16:15:46,309 INFO o.a.j.s.FileServer: Default base='D:\software workspace\eclipse workspace\jmeter\target\jmeter\bin'
2018-09-11 16:15:46,317 INFO o.a.j.s.FileServer: Set new base='D:\software workspace\eclipse workspace\jmeter\target\jmeter\testFiles'
2018-09-11 16:15:46,631 INFO o.a.j.s.SaveService: Testplan (JMX) version: 2.2. Testlog (JTL) version: 2.2
2018-09-11 16:15:46,643 INFO o.a.j.s.SaveService: Using SaveService properties file encoding UTF-8
2018-09-11 16:15:46,647 INFO o.a.j.s.SaveService: Using SaveService properties version 4.0
2018-09-11 16:15:46,650 INFO o.a.j.s.SaveService: Loading file: D:\software workspace\eclipse workspace\jmeter\target\jmeter\testFiles\baseinfo.jmx
2018-09-11 16:15:46,688 INFO o.a.j.p.h.s.HTTPSamplerBase: Parser for text/html is org.apache.jmeter.protocol.http.parser.LagartoBasedHtmlParser
2018-09-11 16:15:46,688 INFO o.a.j.p.h.s.HTTPSamplerBase: Parser for application/xhtml+xml is org.apache.jmeter.protocol.http.parser.LagartoBasedHtmlParser
2018-09-11 16:15:46,688 INFO o.a.j.p.h.s.HTTPSamplerBase: Parser for application/xml is org.apache.jmeter.protocol.http.parser.LagartoBasedHtmlParser
2018-09-11 16:15:46,688 INFO o.a.j.p.h.s.HTTPSamplerBase: Parser for text/xml is org.apache.jmeter.protocol.http.parser.LagartoBasedHtmlParser
2018-09-11 16:15:46,689 INFO o.a.j.p.h.s.HTTPSamplerBase: Parser for text/vnd.wap.wml is org.apache.jmeter.protocol.http.parser.RegexpHTMLParser
2018-09-11 16:15:46,689 INFO o.a.j.p.h.s.HTTPSamplerBase: Parser for text/css is org.apache.jmeter.protocol.http.parser.CssParser
2018-09-11 16:15:46,710 INFO o.a.j.JMeter: Creating summariser <summary>
2018-09-11 16:15:46,715 INFO o.a.j.r.d.ReportGenerator: ReportGenerator will use for Parsing the separator: ','
2018-09-11 16:15:46,715 INFO o.a.j.r.d.ReportGenerator: Will generate report at end of test from  results file: D:\software workspace\eclipse workspace\jmeter\${env.WORKSPACE}\Report\${env.BUILD_ID}\jtl\baseinfo.csv
2018-09-11 16:15:46,716 INFO o.a.j.r.d.ReportGenerator: Reading report generator properties from: D:\software workspace\eclipse workspace\jmeter\target\jmeter\bin\reportgenerator.properties
2018-09-11 16:15:46,717 INFO o.a.j.r.d.ReportGenerator: Merging with JMeter properties
2018-09-11 16:15:46,722 INFO o.a.j.r.c.ReportGeneratorConfiguration: Property 'jmeter.reportgenerator.temp_dir' not found, using default value 'temp' instead.
2018-09-11 16:15:46,724 INFO o.a.j.r.c.ReportGeneratorConfiguration: Property 'jmeter.reportgenerator.apdex_per_transaction' not found, using default value 'null' instead.
2018-09-11 16:15:46,724 INFO o.a.j.r.c.ReportGeneratorConfiguration: apdex_per_transaction : {} is empty, not APDEX per transaction customization
2018-09-11 16:15:46,724 INFO o.a.j.r.c.ReportGeneratorConfiguration: Property 'jmeter.reportgenerator.sample_filter' not found, using default value 'null' instead.
2018-09-11 16:15:46,724 INFO o.a.j.r.c.ReportGeneratorConfiguration: Property 'jmeter.reportgenerator.report_title' not found, using default value 'null' instead.
2018-09-11 16:15:46,724 INFO o.a.j.r.c.ReportGeneratorConfiguration: Property 'jmeter.reportgenerator.start_date' not found, using default value 'null' instead.
2018-09-11 16:15:46,724 INFO o.a.j.r.c.ReportGeneratorConfiguration: Property 'jmeter.reportgenerator.end_date' not found, using default value 'null' instead.
2018-09-11 16:15:46,724 INFO o.a.j.r.c.ReportGeneratorConfiguration: Property 'jmeter.reportgenerator.date_format' not found, using default value 'null' instead.
2018-09-11 16:15:46,725 INFO o.a.j.r.c.ReportGeneratorConfiguration: Will use date range start date: null, end date: null
2018-09-11 16:15:46,729 INFO o.a.j.r.c.ReportGeneratorConfiguration: Property 'jmeter.reportgenerator.graph.activeThreadsOverTime.exclude_controllers' not found, using default value 'false' instead.
2018-09-11 16:15:46,729 INFO o.a.j.r.c.ReportGeneratorConfiguration: Property 'jmeter.reportgenerator.graph.timeVsThreads.exclude_controllers' not found, using default value 'false' instead.
2018-09-11 16:15:46,729 INFO o.a.j.r.c.ReportGeneratorConfiguration: Property 'jmeter.reportgenerator.graph.responseTimeDistribution.exclude_controllers' not found, using default value 'false' instead.
2018-09-11 16:15:46,729 INFO o.a.j.r.c.ReportGeneratorConfiguration: Property 'jmeter.reportgenerator.graph.transactionsPerSecond.exclude_controllers' not found, using default value 'false' instead.
2018-09-11 16:15:46,729 INFO o.a.j.r.c.ReportGeneratorConfiguration: Property 'jmeter.reportgenerator.graph.responseTimePercentiles.exclude_controllers' not found, using default value 'false' instead.
2018-09-11 16:15:46,729 INFO o.a.j.r.c.ReportGeneratorConfiguration: Property 'jmeter.reportgenerator.graph.responseTimePercentilesOverTime.exclude_controllers' not found, using default value 'false' instead.
2018-09-11 16:15:46,730 INFO o.a.j.r.c.ReportGeneratorConfiguration: Property 'jmeter.reportgenerator.graph.responseTimesOverTime.exclude_controllers' not found, using default value 'false' instead.
2018-09-11 16:15:46,730 INFO o.a.j.r.c.ReportGeneratorConfiguration: Property 'jmeter.reportgenerator.graph.connectTimeOverTime.exclude_controllers' not found, using default value 'false' instead.
2018-09-11 16:15:46,730 INFO o.a.j.r.c.ReportGeneratorConfiguration: Property 'jmeter.reportgenerator.graph.latenciesOverTime.exclude_controllers' not found, using default value 'false' instead.
2018-09-11 16:15:46,731 INFO o.a.j.r.c.ReportGeneratorConfiguration: Property 'jmeter.reportgenerator.exporter.html.filters_only_sample_series' not found, using default value 'true' instead.
2018-09-11 16:15:46,731 INFO o.a.j.r.c.ReportGeneratorConfiguration: Property 'jmeter.reportgenerator.exporter.html.series_filter' not found, using default value '' instead.
2018-09-11 16:15:46,731 INFO o.a.j.r.c.ReportGeneratorConfiguration: Property 'jmeter.reportgenerator.exporter.html.show_controllers_only' not found, using default value 'false' instead.
2018-09-11 16:15:46,734 INFO o.a.j.e.StandardJMeterEngine: Running the test!
2018-09-11 16:15:46,735 INFO o.a.j.s.SampleEvent: List of sample_variables: []
2018-09-11 16:15:46,735 INFO o.a.j.s.SampleEvent: List of sample_variables: []
2018-09-11 16:15:46,743 INFO o.a.j.e.u.CompoundVariable: Note: Function class names must contain the string: '.functions.'
2018-09-11 16:15:46,743 INFO o.a.j.e.u.CompoundVariable: Note: Function class names must not contain the string: '.gui.'
2018-09-11 16:15:47,076 INFO o.a.j.JMeter: 正在运行的测试 (1536653747076)
2018-09-11 16:15:47,143 INFO o.a.j.e.StandardJMeterEngine: Starting ThreadGroup: 1 : Thread Group-基础信息服务测试
2018-09-11 16:15:47,143 INFO o.a.j.e.StandardJMeterEngine: Starting 1 threads for group Thread Group-基础信息服务测试.
2018-09-11 16:15:47,143 INFO o.a.j.e.StandardJMeterEngine: Thread will continue on error
2018-09-11 16:15:47,143 INFO o.a.j.t.ThreadGroup: Starting thread group... number=1 threads=1 ramp-up=1 perThread=1000.0 delayedStart=false
2018-09-11 16:15:47,148 INFO o.a.j.t.ThreadGroup: Started thread group number 1
2018-09-11 16:15:47,148 INFO o.a.j.e.StandardJMeterEngine: All thread groups have been started
2018-09-11 16:15:47,150 INFO o.a.j.t.JMeterThread: Thread started: Thread Group-基础信息服务测试 1-1
2018-09-11 16:15:47,164 INFO o.a.j.p.h.s.HTTPHCAbstractImpl: Local host = DESKTOP-07L1I60
2018-09-11 16:15:47,168 INFO o.a.j.p.h.s.HTTPHC4Impl: HTTP request retry count = 1
2018-09-11 16:15:47,175 INFO o.a.j.p.h.s.HttpClientDefaultParameters: Trying httpclient parameters from hc.parameters
2018-09-11 16:15:47,175 INFO o.a.j.p.h.s.HttpClientDefaultParameters: Reading httpclient parameters from D:\software workspace\eclipse workspace\jmeter\target\jmeter\bin\hc.parameters
2018-09-11 16:15:47,176 INFO o.a.j.s.SampleResult: Note: Sample TimeStamps are START times
2018-09-11 16:15:47,176 INFO o.a.j.s.SampleResult: sampleresult.default.encoding is set to UTF-8
2018-09-11 16:15:47,176 INFO o.a.j.s.SampleResult: sampleresult.useNanoTime=true
2018-09-11 16:15:47,176 INFO o.a.j.s.SampleResult: sampleresult.nanoThreadSleep=5000
2018-09-11 16:15:47,415 INFO o.a.j.t.JMeterThread: Thread is done: Thread Group-基础信息服务测试 1-1
2018-09-11 16:15:47,415 INFO o.a.j.t.JMeterThread: Thread finished: Thread Group-基础信息服务测试 1-1
2018-09-11 16:15:47,416 INFO o.a.j.e.StandardJMeterEngine: Notifying test listeners of end of test
2018-09-11 16:15:47,421 INFO o.a.j.r.Summariser: summary =      3 in 00:00:00 =    8.7/s Avg:    73 Min:     8 Max:   108 Err:     0 (0.00%)
2018-09-11 16:15:47,421 INFO o.a.j.JMeter: Generating Dashboard
2018-09-11 16:15:47,421 INFO o.a.j.r.d.ReportGenerator: Flushing result collector before report Generation
2018-09-11 16:15:47,433 INFO o.a.j.r.p.NormalizerSampleConsumer: Using format, 'ms', to parse timeStamp field
2018-09-11 16:15:47,595 INFO o.a.j.r.p.AbstractSampleConsumer: class org.apache.jmeter.report.processor.AggregateConsumer#stopProducing(): beginDate produced 0 samples
2018-09-11 16:15:47,595 INFO o.a.j.r.p.AbstractSampleConsumer: class org.apache.jmeter.report.processor.AggregateConsumer#stopProducing(): endDate produced 0 samples
2018-09-11 16:15:47,597 INFO o.a.j.r.p.AbstractSampleConsumer: class org.apache.jmeter.report.processor.ApdexSummaryConsumer#stopProducing(): apdexSummary produced 0 samples
2018-09-11 16:15:47,597 INFO o.a.j.r.p.AbstractSampleConsumer: class org.apache.jmeter.report.processor.RequestsSummaryConsumer#stopProducing(): requestsSummary produced 0 samples
2018-09-11 16:15:47,640 INFO o.a.j.r.p.AbstractSampleConsumer: class org.apache.jmeter.report.processor.StatisticsSummaryConsumer#stopProducing(): statisticsSummary produced 0 samples
2018-09-11 16:15:47,647 INFO o.a.j.r.p.AbstractSampleConsumer: class org.apache.jmeter.report.processor.Top5ErrorsBySamplerConsumer#stopProducing(): top5ErrorsBySampler produced 0 samples
2018-09-11 16:15:47,647 INFO o.a.j.r.p.AbstractSampleConsumer: class org.apache.jmeter.report.processor.ErrorsSummaryConsumer#stopProducing(): errorsSummary produced 0 samples
2018-09-11 16:15:47,647 INFO o.a.j.r.p.AbstractSampleConsumer: class org.apache.jmeter.report.processor.graph.impl.HitsPerSecondGraphConsumer#stopProducing(): hitsPerSecond produced 0 samples
2018-09-11 16:15:47,658 INFO o.a.j.r.p.AbstractSampleConsumer: class org.apache.jmeter.report.processor.graph.impl.LatencyVSRequestGraphConsumer#stopProducing(): latencyVsRequest produced 0 samples
2018-09-11 16:15:47,659 INFO o.a.j.r.p.AbstractSampleConsumer: class org.apache.jmeter.report.processor.graph.impl.SyntheticResponseTimeDistributionGraphConsumer#stopProducing(): syntheticResponseTimeDistribution produced 0 samples
2018-09-11 16:15:47,659 INFO o.a.j.r.p.AbstractSampleConsumer: class org.apache.jmeter.report.processor.graph.impl.BytesThroughputGraphConsumer#stopProducing(): bytesThroughputOverTime produced 0 samples
2018-09-11 16:15:47,659 INFO o.a.j.r.p.AbstractSampleConsumer: class org.apache.jmeter.report.processor.graph.impl.CodesPerSecondGraphConsumer#stopProducing(): codesPerSecond produced 0 samples
2018-09-11 16:15:47,662 INFO o.a.j.r.p.AbstractSampleConsumer: class org.apache.jmeter.report.processor.graph.impl.ResponseTimeVSRequestGraphConsumer#stopProducing(): responseTimeVsRequest produced 0 samples
2018-09-11 16:15:47,662 INFO o.a.j.r.p.AbstractSampleConsumer: class org.apache.jmeter.report.processor.FilterConsumer#stopProducing(): startIntervalControlerFilter produced 21 samples
2018-09-11 16:15:47,662 INFO o.a.j.r.p.AbstractSampleConsumer: class org.apache.jmeter.report.processor.graph.impl.ActiveThreadsGraphConsumer#stopProducing(): activeThreadsOverTime produced 0 samples
2018-09-11 16:15:47,662 INFO o.a.j.r.p.AbstractSampleConsumer: class org.apache.jmeter.report.processor.graph.impl.TimeVSThreadGraphConsumer#stopProducing(): timeVsThreads produced 0 samples
2018-09-11 16:15:47,662 INFO o.a.j.r.p.AbstractSampleConsumer: class org.apache.jmeter.report.processor.graph.impl.ResponseTimeDistributionGraphConsumer#stopProducing(): responseTimeDistribution produced 0 samples
2018-09-11 16:15:47,662 INFO o.a.j.r.p.AbstractSampleConsumer: class org.apache.jmeter.report.processor.graph.impl.TransactionsPerSecondGraphConsumer#stopProducing(): transactionsPerSecond produced 0 samples
2018-09-11 16:15:47,663 INFO o.a.j.r.p.AbstractSampleConsumer: class org.apache.jmeter.report.processor.graph.impl.ResponseTimePercentilesGraphConsumer#stopProducing(): responseTimePercentiles produced 0 samples
2018-09-11 16:15:47,663 INFO o.a.j.r.p.AbstractSampleConsumer: class org.apache.jmeter.report.processor.graph.impl.ResponseTimePercentilesOverTimeGraphConsumer#stopProducing(): responseTimePercentilesOverTime produced 0 samples
2018-09-11 16:15:47,663 INFO o.a.j.r.p.AbstractSampleConsumer: class org.apache.jmeter.report.processor.graph.impl.ResponseTimeOverTimeGraphConsumer#stopProducing(): responseTimesOverTime produced 0 samples
2018-09-11 16:15:47,664 INFO o.a.j.r.p.AbstractSampleConsumer: class org.apache.jmeter.report.processor.graph.impl.ConnectTimeOverTimeGraphConsumer#stopProducing(): connectTimeOverTime produced 0 samples
2018-09-11 16:15:47,664 INFO o.a.j.r.p.AbstractSampleConsumer: class org.apache.jmeter.report.processor.graph.impl.LatencyOverTimeGraphConsumer#stopProducing(): latenciesOverTime produced 0 samples
2018-09-11 16:15:47,664 INFO o.a.j.r.p.AbstractSampleConsumer: class org.apache.jmeter.report.processor.FilterConsumer#stopProducing(): nameFilter produced 42 samples
2018-09-11 16:15:47,664 INFO o.a.j.r.p.AbstractSampleConsumer: class org.apache.jmeter.report.processor.FilterConsumer#stopProducing(): dateRangeFilter produced 9 samples
2018-09-11 16:15:47,664 INFO o.a.j.r.p.AbstractSampleConsumer: class org.apache.jmeter.report.processor.NormalizerSampleConsumer#stopProducing(): normalizer produced 3 samples
2018-09-11 16:15:47,664 INFO o.a.j.r.p.CsvFileSampleSource: produce(): 3 samples produced in 210ms on channel 0
2018-09-11 16:15:47,664 INFO o.a.j.r.d.ReportGenerator: Exporting data using exporter:'html' of className:'org.apache.jmeter.report.dashboard.HtmlTemplateExporter'
2018-09-11 16:15:47,668 INFO o.a.j.r.d.HtmlTemplateExporter: Will generate dashboard in folder: D:\software workspace\eclipse workspace\jmeter\target\jmeter\reports\baseinfo_20180911_161545
2018-09-11 16:15:47,737 INFO o.a.j.r.d.HtmlTemplateExporter: Report will be generated in: D:\software workspace\eclipse workspace\jmeter\target\jmeter\reports\baseinfo_20180911_161545, creating folder structure
2018-09-11 16:15:48,156 INFO o.a.j.JMeter: Dashboard generated
